2022-07-19 11:15:01,088 - __main__ - INFO - Token value: Token not available!
2022-07-19 11:15:01,760 - __main__ - INFO - Weather in Berlin: 30.32
2022-07-19 10:09:58,525 - __main__ - INFO - Token value: 1234
2022-07-19 10:09:58,949 - __main__ - INFO - Weather in Berlin: 32.56
2022-07-19 12:17:50,405 - __main__ - INFO - Token value: 1234
2022-07-19 12:17:50,875 - __main__ - INFO - Weather in Berlin: 33.66
2022-07-19 14:09:00,868 - __main__ - INFO - Token value: 1234
2022-07-19 14:09:01,435 - __main__ - INFO - Weather in Berlin: 34.86
2022-07-19 16:12:16,906 - __main__ - INFO - Token value: 1234
2022-07-19 16:12:17,306 - __main__ - INFO - Weather in Berlin: 34.28
2022-07-19 18:10:53,682 - __main__ - INFO - Token value: 1234
2022-07-19 18:10:53,844 - __main__ - INFO - Weather in Berlin: 31.9
2022-07-19 20:09:35,027 - __main__ - INFO - Token value: 1234
2022-07-19 20:09:35,139 - __main__ - INFO - Weather in Berlin: 27.52
2022-07-19 22:09:04,334 - __main__ - INFO - Token value: 1234
2022-07-19 22:09:04,912 - __main__ - INFO - Weather in Berlin: 25.4
2022-07-20 00:46:12,649 - __main__ - INFO - Token value: 1234
2022-07-20 00:46:13,296 - __main__ - INFO - Weather in Berlin: 24.18
2022-07-20 03:36:18,748 - __main__ - INFO - Token value: 1234
2022-07-20 03:36:18,916 - __main__ - INFO - Weather in Berlin: 22.12
2022-07-20 04:30:43,477 - __main__ - INFO - Token value: 1234
2022-07-20 04:30:43,776 - __main__ - INFO - Weather in Berlin: 21.64
2022-07-20 06:11:40,340 - __main__ - INFO - Token value: 1234
2022-07-20 06:11:41,194 - __main__ - INFO - Weather in Berlin: 24.95
2022-07-20 08:12:25,109 - __main__ - INFO - Token value: 1234
2022-07-20 08:12:25,397 - __main__ - INFO - Weather in Berlin: 30.85
2022-07-20 10:09:27,874 - __main__ - INFO - Token value: 1234
2022-07-20 10:09:28,041 - __main__ - INFO - Weather in Berlin: 35.42
2022-07-20 12:16:14,801 - __main__ - INFO - Token value: 1234
2022-07-20 12:16:15,447 - __main__ - INFO - Weather in Berlin: 36.64
2022-07-20 14:10:42,143 - __main__ - INFO - Token value: 1234
2022-07-20 14:10:42,285 - __main__ - INFO - Weather in Berlin: 37.34
2022-07-20 16:11:32,101 - __main__ - INFO - Token value: 1234
2022-07-20 16:11:32,270 - __main__ - INFO - Weather in Berlin: 36.32
2022-07-20 18:11:08,871 - __main__ - INFO - Token value: 1234
2022-07-20 18:11:09,450 - __main__ - INFO - Weather in Berlin: 35.75
2022-07-20 20:10:07,208 - __main__ - INFO - Token value: 1234
2022-07-20 20:10:07,807 - __main__ - INFO - Weather in Berlin: 29.16
2022-07-20 22:08:32,880 - __main__ - INFO - Token value: 1234
2022-07-20 22:08:33,309 - __main__ - INFO - Weather in Berlin: 27.72
2022-07-21 00:51:04,670 - __main__ - INFO - Token value: 1234
2022-07-21 00:51:04,945 - __main__ - INFO - Weather in Berlin: 25.62
2022-07-21 03:32:21,183 - __main__ - INFO - Token value: 1234
2022-07-21 03:32:21,622 - __main__ - INFO - Weather in Berlin: 24.17
2022-07-21 04:33:49,059 - __main__ - INFO - Token value: 1234
2022-07-21 04:33:49,712 - __main__ - INFO - Weather in Berlin: 23.8
2022-07-21 06:11:40,676 - __main__ - INFO - Token value: 1234
2022-07-21 06:11:41,078 - __main__ - INFO - Weather in Berlin: 24.1
2022-07-21 08:11:51,774 - __main__ - INFO - Token value: 1234
2022-07-21 08:11:51,925 - __main__ - INFO - Weather in Berlin: 26.61
2022-07-21 10:10:48,231 - __main__ - INFO - Token value: 1234
2022-07-21 10:10:48,658 - __main__ - INFO - Weather in Berlin: 29.39
2022-07-21 12:16:51,452 - __main__ - INFO - Token value: 1234
2022-07-21 12:16:52,210 - __main__ - INFO - Weather in Berlin: 29.02
2022-07-21 14:10:13,059 - __main__ - INFO - Token value: 1234
2022-07-21 14:10:13,760 - __main__ - INFO - Weather in Berlin: 24.62
2022-07-21 16:11:48,481 - __main__ - INFO - Token value: 1234
2022-07-21 16:11:49,254 - __main__ - INFO - Weather in Berlin: 24.51
2022-07-21 18:11:19,590 - __main__ - INFO - Token value: 1234
2022-07-21 18:11:19,965 - __main__ - INFO - Weather in Berlin: 25.79
2022-07-21 20:10:30,244 - __main__ - INFO - Token value: 1234
2022-07-21 20:10:30,328 - __main__ - INFO - Weather in Berlin: 22.77
2022-07-25 00:44:39,700 - __main__ - INFO - Token value: 1234
2022-07-25 00:44:40,082 - __main__ - INFO - Weather in Berlin: 19.9
2022-08-01 00:54:12,206 - __main__ - INFO - Token value: 1234
2022-08-01 00:54:12,694 - __main__ - INFO - Weather in Berlin: 20.23
2022-08-08 00:40:42,506 - __main__ - INFO - Token value: 1234
2022-08-08 00:40:42,610 - __main__ - INFO - Weather in Berlin: 16.92
2022-08-15 00:44:48,218 - __main__ - INFO - Token value: 1234
2022-08-15 00:44:48,828 - __main__ - INFO - Weather in Berlin: 22.05
2022-08-22 00:46:22,483 - __main__ - INFO - Token value: 1234
2022-08-22 00:46:22,604 - __main__ - INFO - Weather in Berlin: 16.54
2022-08-29 00:51:03,885 - __main__ - INFO - Token value: 1234
2022-08-29 00:51:04,463 - __main__ - INFO - Weather in Berlin: 13.61
2022-09-05 00:54:44,539 - __main__ - INFO - Token value: 1234
2022-09-05 00:54:45,065 - __main__ - INFO - Weather in Berlin: 15.8
2022-09-12 00:48:56,255 - __main__ - INFO - Token value: 1234
2022-09-12 00:48:56,362 - __main__ - INFO - Weather in Berlin: 12.68
2022-09-19 00:51:28,986 - __main__ - INFO - Token value: 1234
2022-09-19 00:51:29,073 - __main__ - INFO - Weather in Berlin: 8.79
2022-09-26 00:54:36,285 - __main__ - INFO - Token value: 1234
2022-09-26 00:54:36,670 - __main__ - INFO - Weather in Berlin: 11.75
2022-10-03 00:53:53,511 - __main__ - INFO - Token value: 1234
2022-10-03 00:53:54,115 - __main__ - INFO - Weather in Berlin: 11.07
2022-10-10 00:59:22,592 - __main__ - INFO - Token value: 1234
2022-10-10 00:59:22,684 - __main__ - INFO - Weather in Berlin: 7.73
2022-10-17 01:03:34,041 - __main__ - INFO - Token value: 1234
2022-10-17 01:03:34,808 - __main__ - INFO - Weather in Berlin: 13.02
2022-10-24 01:05:23,964 - __main__ - INFO - Token value: 1234
2022-10-24 01:05:24,197 - __main__ - INFO - Weather in Berlin: 13.27
2022-10-31 00:56:50,347 - __main__ - INFO - Token value: 1234
2022-10-31 00:56:50,781 - __main__ - INFO - Weather in Berlin: 13.45
2022-11-07 00:46:30,914 - __main__ - INFO - Token value: 1234
2022-11-07 00:46:31,482 - __main__ - INFO - Weather in Berlin: 6.9
2022-11-14 00:42:53,014 - __main__ - INFO - Token value: 1234
2022-11-14 00:42:53,136 - __main__ - INFO - Weather in Berlin: 6.58
2022-11-21 00:44:54,383 - __main__ - INFO - Token value: 1234
2022-11-21 00:44:54,891 - __main__ - INFO - Weather in Berlin: -1.89
2022-11-28 00:38:10,868 - __main__ - INFO - Token value: 1234
2022-11-28 00:38:10,962 - __main__ - INFO - Weather in Berlin: 4.03
2022-12-05 00:37:36,747 - __main__ - INFO - Token value: 1234
2022-12-05 00:37:37,346 - __main__ - INFO - Weather in Berlin: 2.48
2022-12-12 00:40:48,194 - __main__ - INFO - Token value: 1234
2022-12-12 00:40:48,347 - __main__ - INFO - Weather in Berlin: -1.51
2022-12-19 00:34:22,668 - __main__ - INFO - Token value: 1234
2022-12-19 00:34:23,349 - __main__ - INFO - Weather in Berlin: -4.73
2022-12-26 00:37:57,455 - __main__ - INFO - Token value: 1234
2022-12-26 00:37:58,555 - __main__ - INFO - Weather in Berlin: 8.58
2023-01-02 00:37:45,571 - __main__ - INFO - Token value: 1234
2023-01-02 00:37:46,198 - __main__ - INFO - Weather in Berlin: 11.86
2023-01-09 00:37:48,669 - __main__ - INFO - Token value: 1234
2023-01-09 00:37:49,006 - __main__ - INFO - Weather in Berlin: 5.01
2023-01-16 00:38:39,973 - __main__ - INFO - Token value: 1234
2023-01-16 00:38:40,358 - __main__ - INFO - Weather in Berlin: 4.9
2023-01-23 00:37:11,897 - __main__ - INFO - Token value: 1234
2023-01-23 00:37:12,431 - __main__ - INFO - Weather in Berlin: 1.65
2023-01-30 00:35:30,776 - __main__ - INFO - Token value: 1234
2023-01-30 00:35:31,351 - __main__ - INFO - Weather in Berlin: 1.63
2023-02-06 00:37:40,919 - __main__ - INFO - Token value: 1234
2023-02-06 00:37:41,397 - __main__ - INFO - Weather in Berlin: -2.01
2023-02-13 00:41:55,645 - __main__ - INFO - Token value: 1234
2023-02-13 00:41:56,334 - __main__ - INFO - Weather in Berlin: 7.16
2023-02-20 00:42:40,136 - __main__ - INFO - Token value: 1234
2023-02-20 00:42:40,714 - __main__ - INFO - Weather in Berlin: 2.39
2023-02-22 16:15:24,920 - __main__ - INFO - Token value: chess.com
2023-02-22 16:15:25,291 - __main__ - INFO - Weather in Uppsala: -2.31
2023-02-22 16:45:25,313 - __main__ - INFO - Token value: chess.com
2023-02-22 16:45:26,159 - __main__ - INFO - Weather in Uppsala: -3.31
2023-02-22 19:06:21,863 - __main__ - INFO - Weather in Uppsala: -3.31
2023-02-23 01:42:00,285 - __main__ - INFO - Weather in Uppsala: -1.31
2023-02-23 12:40:43,245 - __main__ - INFO - Weather in Uppsala: -0.31
2023-02-24 01:44:01,131 - __main__ - INFO - Weather in Uppsala: -4.31
2023-02-24 12:38:59,814 - __main__ - INFO - Weather in Uppsala: -1.31
2023-02-25 01:45:22,816 - __main__ - INFO - Weather in Uppsala: -1.31
2023-02-25 12:35:32,580 - __main__ - INFO - Weather in Uppsala: -2.31
2023-02-26 01:53:38,508 - __main__ - INFO - Weather in Uppsala: -6.31
2023-02-26 12:37:08,007 - __main__ - INFO - Weather in Uppsala: 0.69
2023-02-27 01:46:48,611 - __main__ - INFO - Weather in Uppsala: -6.31
2023-02-27 12:40:56,787 - __main__ - INFO - Weather in Uppsala: 6.69
2023-02-28 01:45:55,309 - __main__ - INFO - Weather in Uppsala: 0.69
2023-02-28 12:39:55,689 - __main__ - INFO - Weather in Uppsala: 5.69
2023-03-01 01:55:51,303 - __main__ - INFO - Weather in Uppsala: -1.31
2023-03-01 12:40:32,700 - __main__ - INFO - Weather in Uppsala: 6.69
2023-03-02 01:51:56,540 - __main__ - INFO - Weather in Uppsala: 0.69
2023-03-02 12:39:12,719 - __main__ - INFO - Weather in Uppsala: 6.69
2023-03-03 03:31:42,632 - __main__ - INFO - Weather in Uppsala: 1.69
2023-03-03 12:37:45,596 - __main__ - INFO - Weather in Uppsala: 1.69
2023-03-04 01:43:26,519 - __main__ - INFO - Weather in Uppsala: -1.31
2023-03-04 12:35:52,567 - __main__ - INFO - Weather in Uppsala: 0.69
2023-03-05 01:58:39,024 - __main__ - INFO - Weather in Uppsala: -4.31
2023-03-05 12:36:03,446 - __main__ - INFO - Weather in Uppsala: -0.31
2023-03-06 01:48:33,754 - __main__ - INFO - Weather in Uppsala: -6.31
2023-03-06 12:40:03,470 - __main__ - INFO - Weather in Uppsala: -2.31
2023-03-07 01:53:31,936 - __main__ - INFO - Weather in Uppsala: -13.31
2023-03-07 12:40:18,860 - __main__ - INFO - Weather in Uppsala: -2.31
2023-03-08 01:50:47,083 - __main__ - INFO - Weather in Uppsala: -2.31
2023-03-08 12:39:38,839 - __main__ - INFO - Weather in Uppsala: -3.31
2023-03-09 01:51:18,129 - __main__ - INFO - Weather in Uppsala: -17.31
2023-03-09 12:41:17,256 - __main__ - INFO - Weather in Uppsala: -3.31
2023-03-10 01:51:05,815 - __main__ - INFO - Weather in Uppsala: -18.31
2023-03-10 12:39:32,672 - __main__ - INFO - Weather in Uppsala: -6.31
2023-03-11 01:34:47,522 - __main__ - INFO - Weather in Uppsala: -8.31
2023-03-11 12:34:24,664 - __main__ - INFO - Weather in Uppsala: -0.31
2023-03-12 01:47:52,036 - __main__ - INFO - Weather in Uppsala: -13.27
2023-03-12 12:34:57,656 - __main__ - INFO - Weather in Uppsala: -1.31
2023-03-13 01:40:15,640 - __main__ - INFO - Weather in Uppsala: -8.31
2023-03-13 12:39:21,132 - __main__ - INFO - Weather in Uppsala: -0.31
2023-03-14 01:22:32,971 - __main__ - INFO - Weather in Uppsala: 4.69
2023-03-14 12:49:30,559 - __main__ - INFO - Weather in Uppsala: 1.69
2023-03-15 01:39:25,267 - __main__ - INFO - Weather in Uppsala: -3.31
2023-03-15 12:38:06,600 - __main__ - INFO - Weather in Uppsala: 2.69
2023-03-16 01:39:53,440 - __main__ - INFO - Weather in Uppsala: -4.31
2023-03-16 12:38:45,091 - __main__ - INFO - Weather in Uppsala: 2.69
2023-03-17 01:38:04,650 - __main__ - INFO - Weather in Uppsala: -2.31
2023-03-17 12:37:42,542 - __main__ - INFO - Weather in Uppsala: 2.69
2023-03-18 01:37:41,412 - __main__ - INFO - Weather in Uppsala: 1.69
2023-03-18 12:34:38,425 - __main__ - INFO - Weather in Uppsala: 3.69
2023-03-19 01:48:34,688 - __main__ - INFO - Weather in Uppsala: 0.69
2023-03-19 12:35:22,596 - __main__ - INFO - Weather in Uppsala: 6.69
2023-03-20 01:41:41,348 - __main__ - INFO - Weather in Uppsala: 2.69
2023-03-20 12:38:45,642 - __main__ - INFO - Weather in Uppsala: 2.69
2023-03-21 01:26:53,636 - __main__ - INFO - Weather in Uppsala: -3.31
2023-03-21 12:33:26,047 - __main__ - INFO - Weather in Uppsala: 4.69
2023-03-22 01:33:22,796 - __main__ - INFO - Weather in Uppsala: 0.69
2023-03-22 12:36:10,913 - __main__ - INFO - Weather in Uppsala: 7.69
2023-03-23 01:33:58,380 - __main__ - INFO - Weather in Uppsala: 5.69
2023-03-23 12:37:48,748 - __main__ - INFO - Weather in Uppsala: 9.69
2023-03-24 01:33:25,523 - __main__ - INFO - Weather in Uppsala: 5.69
2023-03-24 12:33:48,673 - __main__ - INFO - Weather in Uppsala: 5.69
2023-03-25 01:25:52,603 - __main__ - INFO - Weather in Uppsala: -0.31
2023-03-25 12:32:47,894 - __main__ - INFO - Weather in Uppsala: -2.31
2023-03-26 01:40:45,847 - __main__ - INFO - Weather in Uppsala: -3.31
2023-03-26 12:33:23,037 - __main__ - INFO - Weather in Uppsala: -0.31
2023-03-27 01:33:11,793 - __main__ - INFO - Weather in Uppsala: -4.31
2023-03-27 13:43:30,418 - __main__ - INFO - Weather in Uppsala: -3.31
2023-03-28 01:37:13,963 - __main__ - INFO - Weather in Uppsala: -4.31
2023-03-28 12:38:24,957 - __main__ - INFO - Weather in Uppsala: -2.31
2023-03-29 01:44:07,125 - __main__ - INFO - Weather in Uppsala: -15.31
2023-03-29 12:40:33,808 - __main__ - INFO - Weather in Uppsala: -2.31
2023-03-30 01:37:03,768 - __main__ - INFO - Weather in Uppsala: -17.31
2023-03-30 12:37:16,311 - __main__ - INFO - Weather in Uppsala: -0.31
2023-03-31 01:35:15,928 - __main__ - INFO - Weather in Uppsala: -6.31
2023-03-31 12:35:31,167 - __main__ - INFO - Weather in Uppsala: 0.69
2023-04-01 01:33:52,644 - __main__ - INFO - Weather in Uppsala: -11.31
2023-04-01 12:31:33,620 - __main__ - INFO - Weather in Uppsala: 2.69
2023-04-02 01:35:10,385 - __main__ - INFO - Weather in Uppsala: -7.31
2023-04-02 12:31:59,790 - __main__ - INFO - Weather in Uppsala: 1.69
2023-04-03 01:23:38,069 - __main__ - INFO - Weather in Uppsala: -7.31
2023-04-03 12:34:49,070 - __main__ - INFO - Weather in Uppsala: 2.69
2023-04-04 01:36:14,647 - __main__ - INFO - Weather in Uppsala: -8.31
2023-04-04 12:34:36,237 - __main__ - INFO - Weather in Uppsala: 2.69
2023-04-05 01:24:17,091 - __main__ - INFO - Weather in Uppsala: -5.31
2023-04-05 12:43:17,980 - __main__ - INFO - Weather in Uppsala: 1.69
2023-04-06 01:25:48,222 - __main__ - INFO - Weather in Uppsala: -2.31
2023-04-06 12:34:11,365 - __main__ - INFO - Weather in Uppsala: 2.69
2023-04-07 01:20:53,433 - __main__ - INFO - Weather in Uppsala: -0.31
2023-04-07 12:33:27,682 - __main__ - INFO - Weather in Uppsala: 3.69
2023-04-08 01:22:04,032 - __main__ - INFO - Weather in Uppsala: -3.31
2023-04-08 12:31:44,265 - __main__ - INFO - Weather in Uppsala: 8.69
2023-04-09 01:33:17,169 - __main__ - INFO - Weather in Uppsala: -2.31
